=~=~=~=~=~=~=~=~=~=~=~= PuTTY log 2024.09.23 15:55:05 =~=~=~=~=~=~=~=~=~=~=~=
ESP-ROM:esp32s3-20210327
Build:Mar 27 2021
rst:0x1 (POWERON),boot:0x8 (SPI_FAST_FLASH_BOOT)
SPIWP:0xee
mode:DIO, clock div:1
load:0x3fce3818,len:0x109c
load:0x403c9700,len:0x4
load:0x403c9704,len:0xb50
load:0x403cc700,len:0x2fe4
entry 0x403c98ac
@Z
bbbR
B000000001qLjnwdmf<03wS4h53L,0*3A
B000000001qLjnwdmf<03wSTh53L,0*5A
B000000001qLjnwdmf<03wT4h53L,0*3D
B000000001qLjnwdmf<03wTTh53L,0*5D
B7ld1U0001qM=:wdkl9:CwTWkP06,0*1B
B000000001qLjnwdmf<03wU4h53L,0*3C
B000000001qLjnwdmf<03wUTh53L,0*5C
B000000001qLjnwdmf<03wV4h53L,0*3F
B000000001qLjnwdmf@03wVTh53L,0*23
B000000001qLjnwdmf@03wW4h53L,0*42
B000000001qLjnwdmf@cgwWTh53L,0*25
B000000001qLjnwdmf@03w`4h53L,0*75
B000000001qLjnwdmf@03w`Th53L,0*15
B000000001qLjnwdmf@aowa4h53L,0*79
B000000001qLjnwdmf@aowa4kP06,0*24
B000000001qLjnwdmf@03waTh53L,0*14
B000000001qLjnwdmf@03wb4h53L,0*77
B000000001qLjnwdmfD03wbTh53L,0*13
B000000001qLjnwdmfD03wc4h53L,0*72
B000000001qLjnwdmfD03wcTh53L,0*12
B000000001qLjnwdmfD03wd4h53L,0*75
B000000001qLjnwdmfD`7wdTh53L,0*41
B000000001qLjnwdmfDVGwe4h53L,0*66
B000000001qLjnwdmfD03weTh53L,0*14
B000000001qLjnwdmfD03wf4h53L,0*77
B000000001qLjnOdmfH03wfTh53L,0*23
B000000001qLjnOdmfH03wg4h53L,0*42
B000000001qLjnOdmfH03wgTh53L,0*22
B000000001qLjnOdmfL03wh4h53L,0*49
B000000001qLjmwdmfL03whTh53L,0*12
B000000001qLjmwdmfL03wi4h53L,0*73
B000000001qLjmwdmfL03wiTh53L,0*13
B000000001qLjmwdmfL03wj4h53L,0*70
B000000001qLjmOdmfP03wjTh53L,0*34
B000000001qLjmOdmfP03wk4h53L,0*55
B000000001qLjmOdmfP03wkTh53L,0*35
B000000001qLjmOdmfP03wl4h53L,0*52
B000000001qLjlwdmfT03wlTh53L,0*0F
B000000001qLjlwdmfT03wm4h53L,0*6E
B000000001qLjlwdmfT03wmTh53L,0*0E
B000000001qLjlwdmf`03wn4h53L,0*59
B000000001qLjlwdmf``gwnTh53L,0*3D
B000000001qLjlwdmfd`Swo4h53L,0*6C
B000000001qLjlwdmfd`wwoTh53L,0*28
B000000001qLjlwdmfdcKwp4h53L,0*68
B000000001qLjlwdmfdbkwpTh53L,0*29
B000000001qLjlwdmfhaswq4h53L,0*5F
B000000001qLjlwdmfhWwwqTh53L,0*0D
B000000001qLjlwdmfl03wr4h53L,0*49
B000000001qLjlwdmfl03wrTh53L,0*29
B000000001qLjlwdmfp03ws4h53L,0*54
B7lobQ0009qN=COdqb2O;wv6oP06,0*58
B00000000AqLjlOdmfpU7wsTh53L,0*1D
B000000001qLjlOdmfpS3wt4h53L,0*08
B000000001qLjlOdmft03wtTh53L,0*0F
B000000001qLjlOdmft03wu4h53L,0*6E
B000000001qLjlwdmftQCwuTh53L,0*27
B000000001qLjlwdmft03wP4h53P,0*6F
A,57ldoeT25C<0a`4f2204l5`TpN0M84<F3SN222167PC666F:?<D0CRhC80PC,0*2D
A,0CH88888882,2*2D
B000000001qLjlwdmft03wPTh53P,0*0F
B000000001qLjlwdmft03wQ4h53P,0*6E
B000000001qLjlwdmft03wQTh53P,0*0E
B000000001qLjlwdmft03wR4h53P,0*6D
B000000001qLjlwdmft03wRTh53P,0*0D
B000000001qLjlwdmft03wS4h53P,0*6C
B000000001qLjlwdmft03wSTh53P,0*0C
37ldoeQP00WUpJUvkR5aGgv@2Dsr,0*36
B000000001qLjlwdmft03wT4h53P,0*6B
B000000001qLjlwdmft03wTTh53P,0*0B
B000000001qLjlwdmft03wU4h53P,0*6A
B000000001qLjlwdmft03wUTh53P,0*0A
B000000001qLjlwdmft03wV4h53P,0*69
B000000001qLjlwdmft03wVTh53P,0*09
B000000001qLjlwdmft03wW4h53P,0*68
B000000001qLjlwdmft03wWTh53P,0*08
B000000001qLjlwdmft03w`4h53P,0*5F
B000000001qLjmOdmfp03w`Th53P,0*02
B000000001qLjmOdmfp03wa4h53P,0*63
B000000001qLjmOdmfp03waTh53P,0*03
B000000001qLjlwdmfp03wb4h53P,0*59
B000000001qLjlwdmfp03wbTh53P,0*39
B000000001qLjlwdmfp03wc4h53P,0*58
B000000001qLjlwdmfp03wcTh53P,0*38
H7ld1U1@:q92oWJ222222222222,2*74
H7ld1U4l93?4<GFI4lojqP1P;330,0*0E
B000000001qLjlwdmfp03wd4h53P,0*5F
B000000001qLjlwdmfp03wdTh53P,0*3F
B000000001qLjlwdmfp03we4h53P,0*5E
B000000001qLjlwdmfp03weTh53P,0*3E
B000000001qLjlwdmfl03wf4h53P,0*41
B000000001qLjlwdmfl03wfTh53P,0*21
B000000001qLjlwdmfl03wg4h53P,0*40
B000000001qLjlwdmfl03wgTh53P,0*20
B000000001qLjlwdmflOwwh4h53P,0*74
H7lobQ0dn0Tq@4r1<4mDA863H03,2*66
B000000001qLjlwdmfl03whTh53P,0*2F
B000000001qLjlwdmfl03wi4h53P,0*4E
B000000001qLjlwdmfl03wiTh53P,0*2E
H7lobQ560000000@=@3000000000,0*67
B000000001qLjlwdmfl03wj4h53P,0*4D
B000000001qLjlwdmfl03wjTh53P,0*2D
H7ld5TA@:04h85A8u=>3D000002,2*12
B000000001qLjlwdmfl03wk4h53P,0*4C
B000000001qLjlwdmfl03wkTh53P,0*2C
H7ld5TDP0000000I4Pmjkp1@@530,0*22
B000000001qLjlwdmfl03wl4h53P,0*4B
B000000001qLjlwdmfl03wlTh53P,0*2B
B000000001qLjlwdmfl03wm4h53P,0*4A
B000000001qLjlwdmfl03wmTh53P,0*2A
B7mFBhP009qMlgwdks:9WwmWGP06,0*0F
B000000001qLjlwdmfl03wn4h53P,0*49
B000000001qLjlwdmfl03wnTh53P,0*29
B000000001qLjlwdmfl03wo4h53P,0*48
B7ld5T@009qM2aOdmSLTOwv6oP06,0*60
B000000001qLjlwdmfl03woTh53P,0*28
B000000001qLjlwdmfp03wp4h53P,0*4B
B000000001qLjlwdmfp03wpTh53P,0*2B
B000000001qLjlwdmfp03wq4h53P,0*4A
B000000001qLjlwdmfp03wqTh53P,0*2A
B000000001qLjlwdmfp03wr4h53P,0*49
B000000001qLjlwdmft03wrTh53P,0*2D
B000000001qLjlwdmft03ws4h53P,0*4C
B000000001qLjlwdmft03wsTh53P,0*2C
B000000001qLjlwdmft03wt4h53P,0*4B
B000000001qLjlwdmft03wtTh53P,0*2B
B000000001qLjlwdmft03wu4h53P,0*4A
B000000001qLjlwdmft03wuTh53P,0*2A
B000000001qLjlwdmft03wP4h53T,0*6B
B000000001qLjlwdmft03wPTh53T,0*0B
B000000001qLjlwdmft03wQ4h53T,0*6A
37lddrPP00WUltUvk:v:IOv:238i,0*02
B000000001qLjlwdmg003wQTh53T,0*4F
B000000001qLjlwdmg003wR4h53T,0*2C
37ldK7EP00WUm=1vk:;00?v>237i,0*14
B000000001qLjlwdmg003wRTh53T,0*4C
B000000001qLjlwdmg003wS4h53T,0*2D
B000000001qLjlwdmg003wSTh53T,0*4D
B000000001qLjmOdmg003wT4h53T,0*13
B000000001qLjmOdmg003wTTh53T,0*73
B000000001qLjmOdmg003wU4h53T,0*12
B000000001qLjmOdmg003wUTh53T,0*72
B000000001qLjmOdmg003wV4h53T,0*11
B000000001qLjmOdmg003wVTh53T,0*71
B